2025-02-14 17:10:41 [INFO] Server responded with 500 Internal Server Error
2025-02-14 17:10:41 [ERROR] Unhandled exception caught in main event loop
2025-02-14 17:10:41 [WARNING] Syntax error: missing ';' at line 12 in Parser.java
2025-02-14 17:10:41 [ERROR] Security Alert: Unauthorized access attempt detected
2025-02-14 17:10:41 [WARNING] Connection to database established
2025-02-14 17:10:41 [ERROR] Unhandled exception caught in main event loop
2025-02-14 17:10:41 [ERROR] Server responded with 500 Internal Server Error
2025-02-14 17:10:41 [ERROR] Security Alert: Unauthorized access attempt detected
2025-02-14 17:10:41 [INFO] Low memory warning: Heap usage at 85%
2025-02-14 17:10:41 [WARNING] ArrayIndexOutOfBoundsException: Index 7 out of bounds for length 5
2025-02-14 17:10:41 [WARNING] File saved: Main.java
2025-02-14 17:10:41 [DEBUG] Failed to load configuration file: config.properties
2025-02-14 17:10:41 [WARNING] Syntax error: missing ';' at line 12 in Parser.java
2025-02-14 17:10:41 [WARNING] File saved: Main.java
2025-02-14 17:10:41 [INFO] Low memory warning: Heap usage at 85%
2025-02-14 17:10:41 [INFO] Syntax error: missing ';' at line 12 in Parser.java
2025-02-14 17:10:41 [DEBUG] Garbage collection triggered due to high memory usage
2025-02-14 17:10:41 [ERROR] Connection to database established
2025-02-14 17:10:41 [WARNING] Logger initialized with DEBUG level
2025-02-14 17:10:41 [DEBUG] Syntax error: missing ';' at line 12 in Parser.java
2025-02-14 17:10:41 [INFO] Server responded with 500 Internal Server Error
2025-02-14 17:10:41 [ERROR] Logger initialized with DEBUG level
2025-02-14 17:10:41 [WARNING] Connection to database established
2025-02-14 17:10:41 [INFO] Build completed successfully with 2 warnings
2025-02-14 17:10:41 [WARNING] Compilation started for project MyJavaApp
2025-02-14 17:10:41 [INFO] StackOverflowError: Infinite recursion detected
2025-02-14 17:10:41 [WARNING] Timeout occurred while connecting to API endpoint
2025-02-14 17:10:41 [ERROR] StackOverflowError: Infinite recursion detected
2025-02-14 17:10:41 [DEBUG] Warning: Variable 'unusedVar' declared but never used
2025-02-14 17:10:41 [WARNING] Unable to resolve symbol 'x' in Main.java at line 10
2025-02-14 17:10:41 [INFO] Logger initialized with DEBUG level
2025-02-14 17:10:41 [DEBUG] File saved: Main.java
2025-02-14 17:10:41 [DEBUG] Connection to database established
2025-02-14 17:10:41 [ERROR] Unable to resolve symbol 'x' in Main.java at line 10
2025-02-14 17:10:41 [INFO] Warning: Variable 'unusedVar' declared but never used
2025-02-14 17:10:41 [DEBUG] Exception in thread 'main' java.lang.NullPointerException at MyClass.java:15
2025-02-14 17:10:41 [ERROR] Build completed successfully with 2 warnings
2025-02-14 17:10:41 [INFO] Warning: Variable 'unusedVar' declared but never used
