2025-02-14 17:10:41 [INFO] Low memory warning: Heap usage at 85%
2025-02-14 17:10:41 [DEBUG] Syntax error: missing ';' at line 12 in Parser.java
2025-02-14 17:10:41 [INFO] Logger initialized with DEBUG level
2025-02-14 17:10:41 [DEBUG] Unhandled exception caught in main event loop
2025-02-14 17:10:41 [WARNING] Low memory warning: Heap usage at 85%
2025-02-14 17:10:41 [WARNING] Retrying network request after failure...
2025-02-14 17:10:41 [WARNING] ArrayIndexOutOfBoundsException: Index 7 out of bounds for length 5
2025-02-14 17:10:41 [ERROR] Warning: Variable 'unusedVar' declared but never used
2025-02-14 17:10:41 [ERROR] Server responded with 500 Internal Server Error
2025-02-14 17:10:41 [WARNING] Garbage collection triggered due to high memory usage
2025-02-14 17:10:41 [WARNING] Build completed successfully with 2 warnings
2025-02-14 17:10:41 [DEBUG] Timeout occurred while connecting to API endpoint
2025-02-14 17:10:41 [INFO] Warning: Variable 'unusedVar' declared but never used
2025-02-14 17:10:41 [INFO] Compilation started for project MyJavaApp
2025-02-14 17:10:41 [ERROR] Garbage collection triggered due to high memory usage
2025-02-14 17:10:41 [ERROR] Exception in thread 'main' java.lang.NullPointerException at MyClass.java:15
2025-02-14 17:10:41 [WARNING] Warning: Variable 'unusedVar' declared but never used
2025-02-14 17:10:41 [DEBUG] Server responded with 500 Internal Server Error
2025-02-14 17:10:41 [ERROR] Server responded with 500 Internal Server Error
2025-02-14 17:10:41 [INFO] Timeout occurred while connecting to API endpoint
2025-02-14 17:10:41 [INFO] Warning: Variable 'unusedVar' declared but never used
2025-02-14 17:10:41 [INFO] ArrayIndexOutOfBoundsException: Index 7 out of bounds for length 5
2025-02-14 17:10:41 [INFO] Exception in thread 'main' java.lang.NullPointerException at MyClass.java:15
2025-02-14 17:10:41 [INFO] Exception in thread 'main' java.lang.NullPointerException at MyClass.java:15
2025-02-14 17:10:41 [INFO] Build completed successfully with 2 warnings
2025-02-14 17:10:41 [WARNING] StackOverflowError: Infinite recursion detected
2025-02-14 17:10:41 [DEBUG] Failed to load configuration file: config.properties
2025-02-14 17:10:41 [DEBUG] Logger initialized with DEBUG level
2025-02-14 17:10:41 [DEBUG] Failed to load configuration file: config.properties
2025-02-14 17:10:41 [ERROR] ArrayIndexOutOfBoundsException: Index 7 out of bounds for length 5
2025-02-14 17:10:41 [WARNING] StackOverflowError: Infinite recursion detected
2025-02-14 17:10:41 [INFO] Logger initialized with DEBUG level
2025-02-14 17:10:41 [WARNING] Security Alert: Unauthorized access attempt detected
2025-02-14 17:10:41 [INFO] Garbage collection triggered due to high memory usage
2025-02-14 17:10:41 [DEBUG] ArrayIndexOutOfBoundsException: Index 7 out of bounds for length 5
2025-02-14 17:10:41 [INFO] File saved: Main.java
2025-02-14 17:10:41 [WARNING] Connection to database established
2025-02-14 17:10:41 [INFO] Low memory warning: Heap usage at 85%
2025-02-14 17:10:41 [ERROR] StackOverflowError: Infinite recursion detected
