2025-02-14 17:10:41 [DEBUG] Syntax error: missing ';' at line 12 in Parser.java
2025-02-14 17:10:41 [DEBUG] ClassNotFoundException: com.example.NonExistentClass
2025-02-14 17:10:41 [WARNING] Garbage collection triggered due to high memory usage
2025-02-14 17:10:41 [DEBUG] Build completed successfully with 2 warnings
2025-02-14 17:10:41 [WARNING] Logger initialized with DEBUG level
2025-02-14 17:10:41 [WARNING] ArrayIndexOutOfBoundsException: Index 7 out of bounds for length 5
2025-02-14 17:10:41 [WARNING] Connection to database established
2025-02-14 17:10:41 [DEBUG] Logger initialized with DEBUG level
2025-02-14 17:10:41 [INFO] StackOverflowError: Infinite recursion detected
2025-02-14 17:10:41 [ERROR] ArrayIndexOutOfBoundsException: Index 7 out of bounds for length 5
2025-02-14 17:10:41 [WARNING] Build completed successfully with 2 warnings
2025-02-14 17:10:41 [INFO] Syntax error: missing ';' at line 12 in Parser.java
2025-02-14 17:10:41 [WARNING] Garbage collection triggered due to high memory usage
2025-02-14 17:10:41 [ERROR] Compilation started for project MyJavaApp
2025-02-14 17:10:41 [WARNING] Garbage collection triggered due to high memory usage
2025-02-14 17:10:41 [DEBUG] Build completed successfully with 2 warnings
2025-02-14 17:10:41 [WARNING] Timeout occurred while connecting to API endpoint
2025-02-14 17:10:41 [INFO] Unable to resolve symbol 'x' in Main.java at line 10
2025-02-14 17:10:41 [INFO] Garbage collection triggered due to high memory usage
2025-02-14 17:10:41 [WARNING] Logger initialized with DEBUG level
2025-02-14 17:10:41 [DEBUG] Low memory warning: Heap usage at 85%
2025-02-14 17:10:41 [DEBUG] Server responded with 500 Internal Server Error
2025-02-14 17:10:41 [ERROR] Exception in thread 'main' java.lang.NullPointerException at MyClass.java:15
2025-02-14 17:10:41 [WARNING] Unable to resolve symbol 'x' in Main.java at line 10
2025-02-14 17:10:41 [DEBUG] Compilation started for project MyJavaApp
2025-02-14 17:10:41 [DEBUG] Connection to database established
2025-02-14 17:10:41 [DEBUG] Retrying network request after failure...
2025-02-14 17:10:41 [WARNING] Logger initialized with DEBUG level
2025-02-14 17:10:41 [WARNING] File saved: Main.java
2025-02-14 17:10:41 [INFO] Low memory warning: Heap usage at 85%
2025-02-14 17:10:41 [WARNING] Security Alert: Unauthorized access attempt detected
