2025-02-14 17:10:41 [INFO] Warning: Variable 'unusedVar' declared but never used
2025-02-14 17:10:41 [ERROR] Timeout occurred while connecting to API endpoint
2025-02-14 17:10:41 [ERROR] Syntax error: missing ';' at line 12 in Parser.java
2025-02-14 17:10:41 [INFO] Low memory warning: Heap usage at 85%
2025-02-14 17:10:41 [INFO] Low memory warning: Heap usage at 85%
2025-02-14 17:10:41 [DEBUG] Failed to load configuration file: config.properties
2025-02-14 17:10:41 [WARNING] Logger initialized with DEBUG level
2025-02-14 17:10:41 [ERROR] ArrayIndexOutOfBoundsException: Index 7 out of bounds for length 5
2025-02-14 17:10:41 [WARNING] Retrying network request after failure...
2025-02-14 17:10:41 [DEBUG] Deprecated API usage detected in Utils.java
2025-02-14 17:10:41 [WARNING] Connection to database established
2025-02-14 17:10:41 [WARNING] Unhandled exception caught in main event loop
2025-02-14 17:10:41 [DEBUG] Deprecated API usage detected in Utils.java
2025-02-14 17:10:41 [WARNING] StackOverflowError: Infinite recursion detected
2025-02-14 17:10:41 [ERROR] Retrying network request after failure...
2025-02-14 17:10:41 [ERROR] Warning: Variable 'unusedVar' declared but never used
2025-02-14 17:10:41 [INFO] Retrying network request after failure...
2025-02-14 17:10:41 [INFO] Unhandled exception caught in main event loop
2025-02-14 17:10:41 [WARNING] Failed to load configuration file: config.properties
2025-02-14 17:10:41 [DEBUG] Compilation started for project MyJavaApp
2025-02-14 17:10:41 [DEBUG] Warning: Variable 'unusedVar' declared but never used
2025-02-14 17:10:41 [DEBUG] Garbage collection triggered due to high memory usage
2025-02-14 17:10:41 [INFO] File saved: Main.java
2025-02-14 17:10:41 [INFO] Logger initialized with DEBUG level
2025-02-14 17:10:41 [INFO] Connection to database established
2025-02-14 17:10:41 [ERROR] ClassNotFoundException: com.example.NonExistentClass
