2025-02-14 17:10:41 [INFO] StackOverflowError: Infinite recursion detected
2025-02-14 17:10:41 [INFO] Warning: Variable 'unusedVar' declared but never used
2025-02-14 17:10:41 [WARNING] Unhandled exception caught in main event loop
2025-02-14 17:10:41 [WARNING] Security Alert: Unauthorized access attempt detected
2025-02-14 17:10:41 [DEBUG] Server responded with 500 Internal Server Error
2025-02-14 17:10:41 [DEBUG] Compilation started for project MyJavaApp
2025-02-14 17:10:41 [DEBUG] File saved: Main.java
2025-02-14 17:10:41 [ERROR] Unable to resolve symbol 'x' in Main.java at line 10
2025-02-14 17:10:41 [ERROR] Logger initialized with DEBUG level
2025-02-14 17:10:41 [WARNING] ClassNotFoundException: com.example.NonExistentClass
2025-02-14 17:10:41 [DEBUG] Syntax error: missing ';' at line 12 in Parser.java
2025-02-14 17:10:41 [DEBUG] Warning: Variable 'unusedVar' declared but never used
2025-02-14 17:10:41 [ERROR] Syntax error: missing ';' at line 12 in Parser.java
2025-02-14 17:10:41 [DEBUG] Connection to database established
2025-02-14 17:10:41 [DEBUG] Connection to database established
2025-02-14 17:10:41 [ERROR] Unable to resolve symbol 'x' in Main.java at line 10
2025-02-14 17:10:41 [INFO] Garbage collection triggered due to high memory usage
2025-02-14 17:10:41 [ERROR] Garbage collection triggered due to high memory usage
2025-02-14 17:10:41 [DEBUG] Deprecated API usage detected in Utils.java
2025-02-14 17:10:41 [ERROR] Deprecated API usage detected in Utils.java
2025-02-14 17:10:41 [ERROR] Retrying network request after failure...
2025-02-14 17:10:41 [INFO] Exception in thread 'main' java.lang.NullPointerException at MyClass.java:15
2025-02-14 17:10:41 [DEBUG] Syntax error: missing ';' at line 12 in Parser.java
2025-02-14 17:10:41 [WARNING] Unhandled exception caught in main event loop
2025-02-14 17:10:41 [WARNING] Logger initialized with DEBUG level
2025-02-14 17:10:41 [INFO] Timeout occurred while connecting to API endpoint
2025-02-14 17:10:41 [DEBUG] Security Alert: Unauthorized access attempt detected
2025-02-14 17:10:41 [WARNING] Timeout occurred while connecting to API endpoint
2025-02-14 17:10:41 [WARNING] Compilation started for project MyJavaApp
2025-02-14 17:10:41 [DEBUG] Low memory warning: Heap usage at 85%
2025-02-14 17:10:41 [ERROR] StackOverflowError: Infinite recursion detected
2025-02-14 17:10:41 [INFO] Garbage collection triggered due to high memory usage
2025-02-14 17:10:41 [INFO] Syntax error: missing ';' at line 12 in Parser.java
