2025-02-14 17:10:41 [ERROR] Low memory warning: Heap usage at 85%
2025-02-14 17:10:41 [INFO] ArrayIndexOutOfBoundsException: Index 7 out of bounds for length 5
2025-02-14 17:10:41 [DEBUG] Syntax error: missing ';' at line 12 in Parser.java
2025-02-14 17:10:41 [WARNING] ArrayIndexOutOfBoundsException: Index 7 out of bounds for length 5
2025-02-14 17:10:41 [ERROR] ClassNotFoundException: com.example.NonExistentClass
2025-02-14 17:10:41 [DEBUG] Garbage collection triggered due to high memory usage
2025-02-14 17:10:41 [WARNING] Logger initialized with DEBUG level
2025-02-14 17:10:41 [WARNING] Logger initialized with DEBUG level
2025-02-14 17:10:41 [WARNING] Warning: Variable 'unusedVar' declared but never used
2025-02-14 17:10:41 [WARNING] Unhandled exception caught in main event loop
2025-02-14 17:10:41 [INFO] Connection to database established
2025-02-14 17:10:41 [ERROR] Failed to load configuration file: config.properties
2025-02-14 17:10:41 [ERROR] Warning: Variable 'unusedVar' declared but never used
2025-02-14 17:10:41 [WARNING] Low memory warning: Heap usage at 85%
2025-02-14 17:10:41 [DEBUG] ArrayIndexOutOfBoundsException: Index 7 out of bounds for length 5
2025-02-14 17:10:41 [ERROR] Syntax error: missing ';' at line 12 in Parser.java
2025-02-14 17:10:41 [DEBUG] Timeout occurred while connecting to API endpoint
2025-02-14 17:10:41 [WARNING] StackOverflowError: Infinite recursion detected
2025-02-14 17:10:41 [INFO] Retrying network request after failure...
2025-02-14 17:10:41 [WARNING] Exception in thread 'main' java.lang.NullPointerException at MyClass.java:15
2025-02-14 17:10:41 [INFO] Exception in thread 'main' java.lang.NullPointerException at MyClass.java:15
2025-02-14 17:10:41 [ERROR] Security Alert: Unauthorized access attempt detected
2025-02-14 17:10:41 [WARNING] Low memory warning: Heap usage at 85%
2025-02-14 17:10:41 [ERROR] Garbage collection triggered due to high memory usage
2025-02-14 17:10:41 [DEBUG] Deprecated API usage detected in Utils.java
2025-02-14 17:10:41 [ERROR] Exception in thread 'main' java.lang.NullPointerException at MyClass.java:15
2025-02-14 17:10:41 [DEBUG] ArrayIndexOutOfBoundsException: Index 7 out of bounds for length 5
2025-02-14 17:10:41 [ERROR] Build completed successfully with 2 warnings
