2025-02-14 17:10:41 [ERROR] Security Alert: Unauthorized access attempt detected
2025-02-14 17:10:41 [ERROR] Low memory warning: Heap usage at 85%
2025-02-14 17:10:41 [WARNING] Build completed successfully with 2 warnings
2025-02-14 17:10:41 [ERROR] StackOverflowError: Infinite recursion detected
2025-02-14 17:10:41 [WARNING] ArrayIndexOutOfBoundsException: Index 7 out of bounds for length 5
2025-02-14 17:10:41 [ERROR] Compilation started for project MyJavaApp
2025-02-14 17:10:41 [WARNING] Connection to database established
2025-02-14 17:10:41 [DEBUG] StackOverflowError: Infinite recursion detected
2025-02-14 17:10:41 [INFO] Security Alert: Unauthorized access attempt detected
2025-02-14 17:10:41 [INFO] Garbage collection triggered due to high memory usage
2025-02-14 17:10:41 [DEBUG] Retrying network request after failure...
2025-02-14 17:10:41 [INFO] Compilation started for project MyJavaApp
2025-02-14 17:10:41 [DEBUG] Build completed successfully with 2 warnings
2025-02-14 17:10:41 [INFO] Build completed successfully with 2 warnings
2025-02-14 17:10:41 [DEBUG] Deprecated API usage detected in Utils.java
2025-02-14 17:10:41 [DEBUG] ArrayIndexOutOfBoundsException: Index 7 out of bounds for length 5
2025-02-14 17:10:41 [ERROR] Failed to load configuration file: config.properties
2025-02-14 17:10:41 [INFO] Exception in thread 'main' java.lang.NullPointerException at MyClass.java:15
2025-02-14 17:10:41 [WARNING] Build completed successfully with 2 warnings
2025-02-14 17:10:41 [ERROR] Syntax error: missing ';' at line 12 in Parser.java
2025-02-14 17:10:41 [INFO] ClassNotFoundException: com.example.NonExistentClass
2025-02-14 17:10:41 [DEBUG] Syntax error: missing ';' at line 12 in Parser.java
2025-02-14 17:10:41 [DEBUG] Unhandled exception caught in main event loop
2025-02-14 17:10:41 [INFO] Syntax error: missing ';' at line 12 in Parser.java
2025-02-14 17:10:41 [ERROR] Method `calculateSum` executed successfully
2025-02-14 17:10:41 [INFO] Build completed successfully with 2 warnings
2025-02-14 17:10:41 [WARNING] ClassNotFoundException: com.example.NonExistentClass
2025-02-14 17:10:41 [INFO] Syntax error: missing ';' at line 12 in Parser.java
