2025-02-14 17:10:41 [ERROR] Unable to resolve symbol 'x' in Main.java at line 10
2025-02-14 17:10:41 [DEBUG] Server responded with 500 Internal Server Error
2025-02-14 17:10:41 [INFO] Garbage collection triggered due to high memory usage
2025-02-14 17:10:41 [DEBUG] Security Alert: Unauthorized access attempt detected
2025-02-14 17:10:41 [ERROR] Syntax error: missing ';' at line 12 in Parser.java
2025-02-14 17:10:41 [INFO] Syntax error: missing ';' at line 12 in Parser.java
2025-02-14 17:10:41 [ERROR] Unable to resolve symbol 'x' in Main.java at line 10
2025-02-14 17:10:41 [WARNING] StackOverflowError: Infinite recursion detected
2025-02-14 17:10:41 [ERROR] ClassNotFoundException: com.example.NonExistentClass
2025-02-14 17:10:41 [DEBUG] Connection to database established
2025-02-14 17:10:41 [INFO] Garbage collection triggered due to high memory usage
2025-02-14 17:10:41 [DEBUG] Method `calculateSum` executed successfully
2025-02-14 17:10:41 [ERROR] Syntax error: missing ';' at line 12 in Parser.java
2025-02-14 17:10:41 [ERROR] Retrying network request after failure...
2025-02-14 17:10:41 [INFO] Unhandled exception caught in main event loop
2025-02-14 17:10:41 [ERROR] Security Alert: Unauthorized access attempt detected
2025-02-14 17:10:41 [ERROR] Failed to load configuration file: config.properties
2025-02-14 17:10:41 [ERROR] Exception in thread 'main' java.lang.NullPointerException at MyClass.java:15
2025-02-14 17:10:41 [DEBUG] Failed to load configuration file: config.properties
2025-02-14 17:10:41 [DEBUG] Deprecated API usage detected in Utils.java
2025-02-14 17:10:41 [WARNING] Server responded with 500 Internal Server Error
2025-02-14 17:10:41 [DEBUG] Exception in thread 'main' java.lang.NullPointerException at MyClass.java:15
2025-02-14 17:10:41 [ERROR] Logger initialized with DEBUG level
2025-02-14 17:10:41 [WARNING] Compilation started for project MyJavaApp
2025-02-14 17:10:41 [WARNING] Compilation started for project MyJavaApp
2025-02-14 17:10:41 [INFO] Unhandled exception caught in main event loop
2025-02-14 17:10:41 [INFO] Timeout occurred while connecting to API endpoint
