2025-02-14 17:10:41 [WARNING] StackOverflowError: Infinite recursion detected
2025-02-14 17:10:41 [DEBUG] Retrying network request after failure...
2025-02-14 17:10:41 [DEBUG] Failed to load configuration file: config.properties
2025-02-14 17:10:41 [ERROR] ClassNotFoundException: com.example.NonExistentClass
2025-02-14 17:10:41 [WARNING] Syntax error: missing ';' at line 12 in Parser.java
2025-02-14 17:10:41 [WARNING] Compilation started for project MyJavaApp
2025-02-14 17:10:41 [DEBUG] Warning: Variable 'unusedVar' declared but never used
2025-02-14 17:10:41 [INFO] ArrayIndexOutOfBoundsException: Index 7 out of bounds for length 5
2025-02-14 17:10:41 [ERROR] Security Alert: Unauthorized access attempt detected
2025-02-14 17:10:41 [INFO] Deprecated API usage detected in Utils.java
2025-02-14 17:10:41 [WARNING] Server responded with 500 Internal Server Error
2025-02-14 17:10:41 [DEBUG] Exception in thread 'main' java.lang.NullPointerException at MyClass.java:15
2025-02-14 17:10:41 [ERROR] Logger initialized with DEBUG level
2025-02-14 17:10:41 [INFO] ArrayIndexOutOfBoundsException: Index 7 out of bounds for length 5
2025-02-14 17:10:41 [WARNING] File saved: Main.java
2025-02-14 17:10:41 [INFO] ClassNotFoundException: com.example.NonExistentClass
2025-02-14 17:10:41 [WARNING] Garbage collection triggered due to high memory usage
2025-02-14 17:10:41 [WARNING] Unable to resolve symbol 'x' in Main.java at line 10
2025-02-14 17:10:41 [INFO] Connection to database established
2025-02-14 17:10:41 [DEBUG] Syntax error: missing ';' at line 12 in Parser.java
2025-02-14 17:10:41 [INFO] Method `calculateSum` executed successfully
2025-02-14 17:10:41 [ERROR] Failed to load configuration file: config.properties
2025-02-14 17:10:41 [DEBUG] StackOverflowError: Infinite recursion detected
2025-02-14 17:10:41 [INFO] Server responded with 500 Internal Server Error
2025-02-14 17:10:41 [DEBUG] Method `calculateSum` executed successfully
2025-02-14 17:10:41 [ERROR] Low memory warning: Heap usage at 85%
2025-02-14 17:10:41 [INFO] Security Alert: Unauthorized access attempt detected
2025-02-14 17:10:41 [ERROR] Timeout occurred while connecting to API endpoint
2025-02-14 17:10:41 [ERROR] Syntax error: missing ';' at line 12 in Parser.java
2025-02-14 17:10:41 [ERROR] Failed to load configuration file: config.properties
2025-02-14 17:10:41 [WARNING] Failed to load configuration file: config.properties
2025-02-14 17:10:41 [WARNING] Timeout occurred while connecting to API endpoint
2025-02-14 17:10:41 [ERROR] Unable to resolve symbol 'x' in Main.java at line 10
2025-02-14 17:10:41 [INFO] Build completed successfully with 2 warnings
